
        SystemC 2.3.1-Accellera --- Mar 31 2016 17:15:46
        Copyright (c) 1996-2014 by all Contributors,
        ALL RIGHTS RESERVED
ArchC: Reading ELF application file: fft.mips
ArchC: -------------------- Starting Simulation --------------------

ArchC: Reading ELF application file: fft.mips
ArchC: -------------------- Starting Simulation --------------------

ArchC: -------------------- Simulation Finished --------------------
ArchC: -------------------- Simulation Finished --------------------

Info: /OSCI/SystemC: Simulation stopped by user.
ArchC: Simulation statistics
    Times: 281.75 user, 0.04 system, 281.82 real
    Number of instructions executed: 2329730547
    Simulation speed: 8268.79 K instr/s

ArchC: Simulation statistics
    Times: 281.75 user, 0.04 system, 281.82 real
    Number of instructions executed: 2288617177
    Simulation speed: 8122.86 K instr/s

[ArchC 2.1] Printing GLOBAL statistics from processor module mips:
     INSTRUCTIONS : 2329728382
     SYSCALLS : 2165
[ArchC 2.1] Printing INSTRUCTION statistics from processor module mips:
[ArchC 2.1] Printing statistics from instruction lb:
     COUNT : 135110
[ArchC 2.1] Printing statistics from instruction lbu:
     COUNT : 653076
[ArchC 2.1] Printing statistics from instruction lh:
     COUNT : 38033
[ArchC 2.1] Printing statistics from instruction lhu:
     COUNT : 0
[ArchC 2.1] Printing statistics from instruction lw:
     COUNT : 259060165
[ArchC 2.1] Printing statistics from instruction lwl:
     COUNT : 0
[ArchC 2.1] Printing statistics from instruction lwr:
     COUNT : 0
[ArchC 2.1] Printing statistics from instruction sb:
     COUNT : 111882
[ArchC 2.1] Printing statistics from instruction sh:
     COUNT : 2160
[ArchC 2.1] Printing statistics from instruction sw:
     COUNT : 245173265
[ArchC 2.1] Printing statistics from instruction swl:
     COUNT : 0
[ArchC 2.1] Printing statistics from instruction swr:
     COUNT : 0
[ArchC 2.1] Printing statistics from instruction addi:
     COUNT : 0
[ArchC 2.1] Printing statistics from instruction addiu:
     COUNT : 302959911
[ArchC 2.1] Printing statistics from instruction slti:
     COUNT : 20904306
[ArchC 2.1] Printing statistics from instruction sltiu:
     COUNT : 37406694
[ArchC 2.1] Printing statistics from instruction andi:
     COUNT : 40582909
[ArchC 2.1] Printing statistics from instruction ori:
     COUNT : 23332360
[ArchC 2.1] Printing statistics from instruction xori:
     COUNT : 1833833
[ArchC 2.1] Printing statistics from instruction lui:
     COUNT : 61256821
[ArchC 2.1] Printing statistics from instruction add:
     COUNT : 0
[ArchC 2.1] Printing statistics from instruction addu:
     COUNT : 216815588
[ArchC 2.1] Printing statistics from instruction sub:
     COUNT : 0
[ArchC 2.1] Printing statistics from instruction subu:
     COUNT : 27181911
[ArchC 2.1] Printing statistics from instruction slt:
     COUNT : 1692285
[ArchC 2.1] Printing statistics from instruction sltu:
     COUNT : 110463078
[ArchC 2.1] Printing statistics from instruction instr_and:
     COUNT : 22620099
[ArchC 2.1] Printing statistics from instruction instr_or:
     COUNT : 122036583
[ArchC 2.1] Printing statistics from instruction instr_xor:
     COUNT : 4115598
[ArchC 2.1] Printing statistics from instruction instr_nor:
     COUNT : 2757805
[ArchC 2.1] Printing statistics from instruction nop:
     COUNT : 120900586
[ArchC 2.1] Printing statistics from instruction sll:
     COUNT : 163084337
[ArchC 2.1] Printing statistics from instruction srl:
     COUNT : 117174293
[ArchC 2.1] Printing statistics from instruction sra:
     COUNT : 119180
[ArchC 2.1] Printing statistics from instruction sllv:
     COUNT : 5536277
[ArchC 2.1] Printing statistics from instruction srlv:
     COUNT : 5675330
[ArchC 2.1] Printing statistics from instruction srav:
     COUNT : 0
[ArchC 2.1] Printing statistics from instruction mult:
     COUNT : 342096
[ArchC 2.1] Printing statistics from instruction multu:
     COUNT : 12529695
[ArchC 2.1] Printing statistics from instruction div:
     COUNT : 0
[ArchC 2.1] Printing statistics from instruction divu:
     COUNT : 343326
[ArchC 2.1] Printing statistics from instruction mfhi:
     COUNT : 12700815
[ArchC 2.1] Printing statistics from instruction mthi:
     COUNT : 0
[ArchC 2.1] Printing statistics from instruction mflo:
     COUNT : 13324920
[ArchC 2.1] Printing statistics from instruction mtlo:
     COUNT : 0
[ArchC 2.1] Printing statistics from instruction j:
     COUNT : 20865684
[ArchC 2.1] Printing statistics from instruction jal:
     COUNT : 40640225
[ArchC 2.1] Printing statistics from instruction jr:
     COUNT : 40658872
[ArchC 2.1] Printing statistics from instruction jalr:
     COUNT : 2145
[ArchC 2.1] Printing statistics from instruction beq:
     COUNT : 142090265
[ArchC 2.1] Printing statistics from instruction bne:
     COUNT : 108638499
[ArchC 2.1] Printing statistics from instruction blez:
     COUNT : 3979867
[ArchC 2.1] Printing statistics from instruction bgtz:
     COUNT : 16160
[ArchC 2.1] Printing statistics from instruction bltz:
     COUNT : 6366440
[ArchC 2.1] Printing statistics from instruction bgez:
     COUNT : 13605898
[ArchC 2.1] Printing statistics from instruction bltzal:
     COUNT : 0
[ArchC 2.1] Printing statistics from instruction bgezal:
     COUNT : 0
[ArchC 2.1] Printing statistics from instruction sys_call:
     COUNT : 0
[ArchC 2.1] Printing statistics from instruction instr_break:
     COUNT : 0
[ArchC 2.1] Printing GLOBAL statistics from processor module mips:
     INSTRUCTIONS : 2288617173
     SYSCALLS : 4
[ArchC 2.1] Printing INSTRUCTION statistics from processor module mips:
[ArchC 2.1] Printing statistics from instruction lb:
     COUNT : 0
[ArchC 2.1] Printing statistics from instruction lbu:
     COUNT : 535388
[ArchC 2.1] Printing statistics from instruction lh:
     COUNT : 8
[ArchC 2.1] Printing statistics from instruction lhu:
     COUNT : 0
[ArchC 2.1] Printing statistics from instruction lw:
     COUNT : 252877291
[ArchC 2.1] Printing statistics from instruction lwl:
     COUNT : 0
[ArchC 2.1] Printing statistics from instruction lwr:
     COUNT : 0
[ArchC 2.1] Printing statistics from instruction sb:
     COUNT : 2
[ArchC 2.1] Printing statistics from instruction sh:
     COUNT : 1
[ArchC 2.1] Printing statistics from instruction sw:
     COUNT : 240017633
[ArchC 2.1] Printing statistics from instruction swl:
     COUNT : 0
[ArchC 2.1] Printing statistics from instruction swr:
     COUNT : 0
[ArchC 2.1] Printing statistics from instruction addi:
     COUNT : 0
[ArchC 2.1] Printing statistics from instruction addiu:
     COUNT : 297981629
[ArchC 2.1] Printing statistics from instruction slti:
     COUNT : 20593717
[ArchC 2.1] Printing statistics from instruction sltiu:
     COUNT : 36865095
[ArchC 2.1] Printing statistics from instruction andi:
     COUNT : 39841673
[ArchC 2.1] Printing statistics from instruction ori:
     COUNT : 23061166
[ArchC 2.1] Printing statistics from instruction xori:
     COUNT : 1807505
[ArchC 2.1] Printing statistics from instruction lui:
     COUNT : 60338221
[ArchC 2.1] Printing statistics from instruction add:
     COUNT : 0
[ArchC 2.1] Printing statistics from instruction addu:
     COUNT : 213566369
[ArchC 2.1] Printing statistics from instruction sub:
     COUNT : 0
[ArchC 2.1] Printing statistics from instruction subu:
     COUNT : 26814846
[ArchC 2.1] Printing statistics from instruction slt:
     COUNT : 1604015
[ArchC 2.1] Printing statistics from instruction sltu:
     COUNT : 109439007
[ArchC 2.1] Printing statistics from instruction instr_and:
     COUNT : 22315571
[ArchC 2.1] Printing statistics from instruction instr_or:
     COUNT : 120869855
[ArchC 2.1] Printing statistics from instruction instr_xor:
     COUNT : 4073316
[ArchC 2.1] Printing statistics from instruction instr_nor:
     COUNT : 2703546
[ArchC 2.1] Printing statistics from instruction nop:
     COUNT : 115472046
[ArchC 2.1] Printing statistics from instruction sll:
     COUNT : 161438140
[ArchC 2.1] Printing statistics from instruction srl:
     COUNT : 115957543
[ArchC 2.1] Printing statistics from instruction sra:
     COUNT : 95848
[ArchC 2.1] Printing statistics from instruction sllv:
     COUNT : 5480498
[ArchC 2.1] Printing statistics from instruction srlv:
     COUNT : 5606251
[ArchC 2.1] Printing statistics from instruction srav:
     COUNT : 0
[ArchC 2.1] Printing statistics from instruction mult:
     COUNT : 341661
[ArchC 2.1] Printing statistics from instruction multu:
     COUNT : 12413293
[ArchC 2.1] Printing statistics from instruction div:
     COUNT : 171
[ArchC 2.1] Printing statistics from instruction divu:
     COUNT : 342462
[ArchC 2.1] Printing statistics from instruction mfhi:
     COUNT : 12584152
[ArchC 2.1] Printing statistics from instruction mthi:
     COUNT : 0
[ArchC 2.1] Printing statistics from instruction mflo:
     COUNT : 13204389
[ArchC 2.1] Printing statistics from instruction mtlo:
     COUNT : 0
[ArchC 2.1] Printing statistics from instruction j:
     COUNT : 20395646
[ArchC 2.1] Printing statistics from instruction jal:
     COUNT : 39905444
[ArchC 2.1] Printing statistics from instruction jr:
     COUNT : 39905445
[ArchC 2.1] Printing statistics from instruction jalr:
     COUNT : 1
[ArchC 2.1] Printing statistics from instruction beq:
     COUNT : 139867980
[ArchC 2.1] Printing statistics from instruction bne:
     COUNT : 106723615
[ArchC 2.1] Printing statistics from instruction blez:
     COUNT : 3878554
[ArchC 2.1] Printing statistics from instruction bgtz:
     COUNT : 359
[ArchC 2.1] Printing statistics from instruction bltz:
     COUNT : 6260156
[ArchC 2.1] Printing statistics from instruction bgez:
     COUNT : 13437665
[ArchC 2.1] Printing statistics from instruction bltzal:
     COUNT : 0
[ArchC 2.1] Printing statistics from instruction bgezal:
     COUNT : 0
[ArchC 2.1] Printing statistics from instruction sys_call:
     COUNT : 0
[ArchC 2.1] Printing statistics from instruction instr_break:
     COUNT : 0
