fftsize=   0  logerr=-99.0
 Parte real | Parte Imaginária
fftsize=   1  logerr=-99.0
 Parte real | Parte Imaginária
    0.1316  |     0.2219
fftsize=   2  logerr= -7.4
 Parte real | Parte Imaginária
   -0.6292  |     0.0003
    0.6522  |     1.2664
fftsize=   3  logerr= -6.6
 Parte real | Parte Imaginária
   -0.9357  |    -2.0776
    0.6830  |    -0.1997
    0.7606  |     1.1749
fftsize=   4  logerr= -7.0
 Parte real | Parte Imaginária
    1.7636  |    -0.3903
   -0.7347  |    -3.0739
    1.6391  |     0.9901
    1.1463  |     0.6260
fftsize=   5  logerr= -6.3
 Parte real | Parte Imaginária
    0.9395  |    -1.0746
   -0.0765  |    -3.5830
   -1.5787  |     0.9571
    1.6950  |    -0.3896
    0.6558  |     1.2343
fftsize=   6  logerr= -6.1
 Parte real | Parte Imaginária
   -0.5909  |    -0.0198
    1.9716  |    -0.3120
    0.5501  |    -1.2037
   -2.2856  |     0.4593
   -2.2455  |    -1.6745
    3.2794  |    -0.2993
fftsize=   7  logerr= -6.0
 Parte real | Parte Imaginária
   -1.0260  |    -0.1253
    3.8743  |    -0.8989
   -3.0283  |    -0.1419
   -0.2325  |     0.6428
   -0.3656  |     3.4448
   -0.1319  |     2.1067
   -1.1222  |     0.4176
fftsize=   8  logerr= -6.5
 Parte real | Parte Imaginária
    1.9378  |    -0.0413
    1.8666  |     0.5528
   -1.6358  |     2.0619
    0.0574  |     1.4020
    0.9821  |    -0.5028
   -0.0840  |    -1.0335
   -0.4424  |    -1.6549
   -3.7520  |     0.5155
fftsize=   9  logerr= -5.8
 Parte real | Parte Imaginária
   -2.1213  |    -1.7006
   -0.3320  |     2.4607
    4.0210  |    -0.0881
    2.2790  |     1.4954
    0.2117  |     1.7641
   -0.1290  |    -2.5268
   -0.8031  |     2.2866
   -0.7642  |     2.7709
   -0.2754  |     2.3961
fftsize=  10  logerr= -5.8
 Parte real | Parte Imaginária
   -0.5904  |    -1.2889
    0.7790  |    -2.5031
    0.8338  |    -1.1054
    0.6618  |    -1.4553
   -3.0255  |     3.1967
    1.4754  |     1.4370
   -1.3091  |     1.0648
   -0.0932  |     0.6259
    0.7636  |     4.3087
   -1.3187  |    -0.4732
fftsize=  11  logerr= -5.5
 Parte real | Parte Imaginária
    0.7446  |     1.4198
   -0.9457  |     2.5599
    0.3155  |    -0.0695
    2.7418  |    -0.1710
   -3.9637  |    -0.0347
   -0.3364  |    -0.3806
   -2.7962  |    -1.3093
    0.9543  |    -0.1428
   -0.2045  |     0.1181
   -1.7259  |    -1.7557
    1.2862  |    -3.7865
fftsize=  12  logerr= -5.6
 Parte real | Parte Imaginária
   -1.7843  |    -0.2782
   -1.1467  |    -1.6147
   -3.5331  |     2.3639
    0.9027  |     0.6034
   -2.5342  |     0.2043
    1.9761  |     1.1840
    2.0970  |     4.1771
   -0.9774  |    -0.8499
    1.4430  |     1.1345
   -2.0898  |    -2.2569
   -4.3125  |    -0.5852
    1.8718  |     1.8802
fftsize=  13  logerr= -5.4
 Parte real | Parte Imaginária
    4.2047  |     0.7348
   -0.5568  |     1.5772
   -5.9583  |     0.3162
    1.1123  |    -0.2199
   -1.5230  |    -3.2444
    1.9914  |    -0.2488
   -0.6693  |    -0.8407
    3.6234  |     4.0969
    1.5533  |     0.7801
   -1.7654  |     0.0106
    2.2317  |    -0.0156
    3.5509  |     2.5568
   -1.3128  |    -0.9001
fftsize=  14  logerr= -5.3
 Parte real | Parte Imaginária
   -0.1735  |     2.4462
    0.8321  |     3.5052
    2.2377  |    -1.4189
   -0.0172  |    -3.5972
    3.6778  |     0.8888
   -2.2890  |     2.5862
   -1.4123  |     1.1398
   -0.9845  |    -1.2254
   -4.2811  |    -0.7347
    0.6689  |     2.3757
   -0.0454  |     0.5754
   -1.1082  |     0.8730
    2.5829  |     0.4689
   -1.3489  |    -0.8030
fftsize=  15  logerr= -4.9
 Parte real | Parte Imaginária
   -1.7083  |    -0.2083
   -1.0732  |     0.1967
    0.9802  |    -1.2544
   -1.9281  |    -1.5933
   -0.1547  |    -3.1125
    1.7300  |    -2.0918
   -0.0220  |    -3.2380
    2.8492  |    -1.0365
   -3.7128  |     0.0782
   -1.1223  |    -0.1504
    0.9963  |     0.3323
   -0.5471  |    -3.5009
    2.5921  |    -0.6160
    0.9335  |     0.8977
   -5.9307  |     6.0376
fftsize=  16  logerr= -6.2
 Parte real | Parte Imaginária
    0.1201  |     7.9972
   -3.8653  |    -0.1293
    1.6217  |    -1.4805
    3.0635  |    -0.1024
    0.4203  |    -0.9900
    1.0997  |     1.2286
    4.0589  |     1.0841
    2.2862  |    -0.0684
   -5.7451  |     0.6270
    2.2573  |     0.6367
    2.5322  |    -0.2126
    0.0534  |     1.8612
   -1.3838  |    -1.3228
   -2.7627  |     0.9013
   -0.9676  |     1.6914
   -3.3446  |    -0.5450
fftsize=  17  logerr= -5.4
 Parte real | Parte Imaginária
   -5.1445  |     6.4573
   -2.2550  |     1.9409
   -3.1139  |    -2.0169
   -1.8935  |     2.3479
    0.8432  |     1.6938
    3.1336  |    -0.5255
   -0.5456  |    -1.1001
    1.4195  |     1.5421
    0.1642  |    -3.3592
   -0.2888  |    -2.2457
   -3.1757  |    -3.2595
   -3.4771  |    -1.0968
   -1.0822  |    -0.9203
    4.0891  |     0.7650
   -0.3031  |    -2.3541
    0.4240  |    -3.1578
   -0.9552  |    -0.2123
fftsize=  18  logerr= -5.1
 Parte real | Parte Imaginária
   -0.8852  |    -1.2288
    1.3892  |     2.3785
    5.8833  |     2.8346
    3.5686  |    -2.4980
   -0.3371  |    -2.1173
   -0.8307  |    -3.9266
    0.9897  |    -5.2148
    1.2456  |    -1.3160
    1.1119  |    -2.2523
    2.2701  |     2.5365
   -0.5371  |    -1.9972
    1.7691  |     3.7875
   -5.9062  |    -0.1891
    0.6575  |    -3.1307
    2.4100  |    -2.3870
    4.0212  |     2.1606
   -3.5531  |    -4.0721
    1.8371  |     1.2993
fftsize=  19  logerr= -5.2
 Parte real | Parte Imaginária
   -1.3057  |     4.0378
    1.3683  |     2.0666
    4.1734  |     5.5835
   -0.5247  |     1.0472
    2.0042  |     0.4266
   -3.4396  |     0.0451
    0.7321  |     0.3760
   -0.8014  |     0.1839
   -2.4940  |     0.4626
   -2.0752  |    -0.9939
   -0.8654  |    -0.9808
    4.6178  |    -0.7949
   -5.3860  |    -0.3639
    3.5227  |     3.4000
    3.1553  |     1.9855
   -0.1395  |     2.0620
   -3.5745  |    -2.8027
    2.1943  |    -1.3764
   -3.2302  |     3.9758
fftsize=  20  logerr= -5.1
 Parte real | Parte Imaginária
   -3.6774  |    -0.9542
    1.6697  |    -1.8937
   -1.0937  |     0.7417
    2.7441  |    -0.4000
    4.5911  |    -4.1636
    3.8788  |     0.6196
    0.6706  |     3.4027
   -3.5167  |     0.7346
   -3.3123  |     0.8891
   -1.9126  |    -2.2077
    2.3951  |     3.5239
    2.2468  |    -3.0085
    0.4628  |    -1.3202
   -2.1403  |    -2.6630
    1.5376  |     1.1250
    0.2397  |    -2.2482
   -5.6841  |    -0.1991
   -3.7019  |     4.4759
    0.2585  |    -0.5636
    1.6719  |     3.9102
fftsize=  21  logerr= -5.1
 Parte real | Parte Imaginária
   -2.3740  |    -2.3772
   -3.2682  |    -0.7246
   -3.1831  |     2.7353
    0.2138  |    -0.7535
   -3.3331  |     0.7984
   -0.4804  |    -0.0984
   -1.7182  |    -3.2597
   -0.9894  |     0.9064
    0.0786  |    -1.6850
    0.3957  |    -4.9412
    4.8211  |    -1.2770
   -3.2613  |    -1.0558
   -1.5283  |    -3.6798
   -4.6466  |    -1.1014
    2.4467  |    -3.9908
   -1.3369  |     3.4914
   -1.3385  |    -1.0134
   -0.2823  |    -1.7571
    1.6140  |    -1.3485
    0.1716  |    -0.4359
    3.4701  |     3.5109
fftsize=  22  logerr= -5.0
 Parte real | Parte Imaginária
    1.0777  |    -3.2946
    4.3547  |     4.2221
   -0.5701  |     6.5718
    3.2923  |    -1.9039
   -1.4767  |    -1.9074
   -3.2731  |     3.6468
   -0.0960  |     2.5600
    3.0139  |     7.4086
    0.5142  |    -1.0223
   -1.0678  |     1.1305
   -0.8543  |     2.0538
    4.2932  |    -3.7297
    2.0152  |    -1.6763
    3.2946  |     1.4632
    1.5292  |    -1.1588
   -4.2795  |     2.2501
    2.0593  |    -3.2504
   -1.9688  |     6.0590
   -0.7981  |     1.3262
   -0.5417  |    -0.5646
    2.0874  |    -1.4945
    3.8666  |    -1.7344
fftsize=  23  logerr= -4.9
 Parte real | Parte Imaginária
   -2.3034  |     4.3189
    1.5357  |    -0.7324
    5.0637  |     4.9119
    4.1569  |    -1.4649
   -2.2769  |    -2.3736
    5.2562  |     3.1193
    4.1845  |    -2.5879
    2.3188  |    -0.1927
   -2.8549  |    -4.2691
    1.2132  |    -2.2925
   -1.8564  |     0.5771
    4.1487  |     3.2691
   -0.2398  |     4.1023
   -1.6260  |     4.4673
   -0.5067  |    -2.3989
    1.3146  |    -1.4022
   -2.9324  |    -1.5409
   -1.2757  |    -0.0889
    3.0909  |     0.2573
   -1.5276  |    -1.2197
    0.0707  |     1.0264
    2.1709  |    -5.1394
   -0.3301  |    -2.6250
fftsize=  24  logerr= -5.1
 Parte real | Parte Imaginária
    0.6754  |    -0.5096
   -3.2876  |     1.0029
   -0.1818  |    -0.7855
   -3.6844  |    -1.2614
    5.4065  |    -2.3952
   -2.9444  |    -2.7638
   -3.8150  |    -9.5573
    1.2652  |     1.4584
    0.5780  |     0.1765
   -0.1268  |     1.0316
   -4.5697  |     1.7145
    4.7342  |    -0.2817
    1.7798  |    -4.9347
   -2.7336  |     2.4346
    0.7654  |    -0.7166
    0.3943  |     2.6028
   -2.1398  |    -0.2752
    0.7999  |    -1.2872
    5.6485  |     0.7725
    6.6524  |    -1.6153
    2.2645  |     0.3665
    0.1705  |    -2.9762
   -1.0336  |     1.8772
    3.3251  |    -0.6307
fftsize=  25  logerr= -4.9
 Parte real | Parte Imaginária
    0.0503  |     4.5039
   -2.2160  |     6.5723
    0.9585  |     6.2588
   -0.0728  |    -3.0479
   -2.6849  |    -1.2872
    0.4058  |     0.6556
    0.8976  |    -0.0275
   -2.1913  |     1.2789
   -0.6836  |     0.2069
    1.1815  |    -0.3844
   -3.0174  |    -2.2367
    4.5450  |    -0.6904
   -1.3460  |    -4.8938
   -1.3638  |    -2.0533
   -2.4275  |     1.8446
   -6.8792  |    -0.0260
    0.1227  |    -0.9115
   -4.2928  |    -1.7074
   -1.9954  |     1.9488
   -2.7153  |     2.6995
    0.4146  |    -2.5780
    3.8996  |    -4.4906
    5.9399  |    -3.0943
   -4.1196  |    -0.7314
    3.1741  |    -3.8780
fftsize=  26  logerr= -5.1
 Parte real | Parte Imaginária
    2.9933  |    -0.2439
    4.6868  |     7.3829
   -1.6824  |    -1.0055
    4.0115  |     2.3648
    3.9404  |     4.4152
   -0.2061  |    -4.4571
    2.4895  |     4.4451
   -2.5848  |    -0.2034
   -0.3939  |     2.4583
    3.8449  |     2.1466
   -1.9418  |     1.8784
   -2.1797  |     0.3807
    1.3245  |    -0.8052
    4.0758  |    -4.9638
   -0.7326  |     1.8124
    2.2279  |    -1.5227
   -2.7218  |     3.9994
    2.6056  |     0.8460
    3.1137  |     1.4978
   -2.2012  |     6.0160
   -0.0324  |     0.5155
   -1.6976  |    -2.1959
   -0.9461  |    -1.8519
    1.4627  |     0.4759
    1.8465  |    -0.2223
   -2.4631  |     0.4471
fftsize=  27  logerr= -4.8
 Parte real | Parte Imaginária
    1.0884  |     3.8577
    5.2621  |     5.2431
   -4.2724  |    -2.2956
    0.6582  |     0.5745
   -1.5367  |     4.1873
    2.3015  |    -1.5226
   -3.8829  |     4.7295
    2.1077  |     9.7509
    2.2204  |     2.9102
    2.5287  |    -3.5156
   -2.1474  |    -1.6175
   -0.7583  |     0.0134
   -3.1432  |    -2.3076
   -4.1191  |    -0.3403
   -1.9953  |    -3.4818
    0.0517  |     4.7463
   -2.4491  |    -0.2569
   -2.4686  |     4.5318
   -1.0637  |     0.6546
   -0.9018  |     2.1155
   -4.3760  |     1.8532
   -5.6829  |    -2.2063
   -1.1184  |     1.0920
    3.4268  |    -3.2024
    0.1323  |     2.7523
    0.3137  |    -2.3968
   -1.2268  |    -3.6819
fftsize=  28  logerr= -4.7
 Parte real | Parte Imaginária
   -1.1856  |     2.4997
   -2.6639  |     2.0639
    1.6978  |    -1.6193
    3.4274  |     1.1402
    1.2109  |    -0.8495
   -7.9576  |     4.9116
   -4.8588  |    -4.9629
    0.2831  |     4.8752
   -0.3674  |    -1.3702
   -3.7216  |    -3.5897
    4.8331  |    -0.4849
   -3.4355  |    -1.9231
   -2.6859  |    -0.4626
    1.5762  |     3.3938
    0.9024  |     1.4039
   -1.8329  |    -2.8342
   -5.6091  |    -0.9834
    0.4323  |     5.0380
   -4.3112  |    -2.6575
    0.0183  |    -1.0579
   -2.0805  |     5.5813
    2.9781  |    -3.9659
    4.1732  |     0.6148
    3.5511  |    -4.2717
    1.5076  |    -0.8475
    1.7848  |    -1.0465
    2.1388  |    -2.7713
    3.0811  |    -1.3534
fftsize=  29  logerr= -4.9
 Parte real | Parte Imaginária
    0.6772  |     1.8457
    0.0115  |    -5.2044
   -0.6480  |    -1.0360
   -2.3560  |    -4.5641
    0.7883  |     2.1929
    3.8816  |     0.3794
   -1.3442  |    -2.5830
    2.6920  |     1.8963
   -3.8254  |     3.7711
   -2.7543  |     2.5204
    0.8563  |     0.7314
   -0.6299  |     2.7587
   -4.0618  |     0.7021
    4.9859  |    -0.3842
    0.2620  |     2.7518
    2.1033  |     4.1788
   -3.1406  |    -3.7178
    2.7453  |    -4.4192
    5.1078  |     3.9042
   -6.8375  |     2.3397
    1.1087  |     9.7404
   -1.8386  |     1.8237
    4.4891  |    -1.7736
    1.0081  |     5.8847
    7.7294  |    -1.0766
    4.0439  |    -0.8370
   -2.6504  |     0.7604
    1.1810  |     4.7361
   -0.0358  |     1.1000
fftsize=  30  logerr= -4.7
 Parte real | Parte Imaginária
   -2.5514  |    -3.1715
    0.0452  |     1.2844
    0.8303  |    -4.2647
   -0.2787  |     7.0266
    0.0635  |    -1.6550
    5.7354  |     4.6434
    2.9003  |     2.3221
   -3.1765  |    -0.7516
   -0.9180  |    -2.1254
   -1.9657  |    -8.4638
   -2.2405  |     1.1128
   -1.0787  |    -0.8011
   -3.1996  |    -4.5446
   -2.9105  |     1.7753
    4.8038  |     1.6039
    4.5646  |    -3.8235
    5.7686  |    -0.4277
   -5.4534  |     0.8290
    1.6991  |     4.3467
   -6.3471  |     4.2654
   -0.6589  |    -2.8196
   -4.0640  |     0.2956
   -2.3919  |     1.8297
    2.8577  |     1.8208
   -6.3533  |     2.4536
   -6.9639  |     4.5006
   -0.3396  |     1.0073
   -3.4474  |     2.3581
   -1.8972  |     0.1183
   -2.5105  |    -1.0945
fftsize=  31  logerr= -4.7
 Parte real | Parte Imaginária
   -1.6734  |    -0.7526
   -1.6455  |    -1.4926
   -1.6675  |    -2.1518
   -1.8769  |    -1.0838
   -1.8900  |    -1.5115
   -1.0111  |     4.6042
   -1.8065  |     4.8162
    2.5434  |     2.1507
   -4.8664  |     0.1921
   -0.7067  |     2.6836
    2.1139  |    -3.8937
   -6.9555  |    -7.4207
   -2.9212  |     1.6682
   -1.1080  |    -3.9996
    0.4862  |    -0.3824
   -0.7951  |     1.0769
   -4.1615  |    -0.8952
   -2.1270  |     1.0365
   -1.7021  |    -0.8381
   -4.6769  |    -1.0084
   -1.1794  |    -0.5388
   -0.5555  |     1.7056
   -1.5500  |    -2.7465
   -0.4493  |    -2.8950
    8.6557  |    -0.6305
   -3.6749  |     3.2728
   -3.0029  |    -0.5021
   -2.9081  |    -1.8894
    7.4001  |     3.8523
   -0.9695  |    -5.5123
    6.4600  |     1.2284
fftsize=  32  logerr= -6.1
 Parte real | Parte Imaginária
   -0.9062  |    -6.7459
    2.3353  |    -3.8250
   -2.8712  |     2.0941
   -0.0170  |    -6.8909
    2.3200  |    -4.6790
    3.2727  |    -1.5641
   -0.3450  |     3.2710
   -2.8623  |    -6.8857
   -4.1049  |     4.3466
   -3.6510  |     0.1606
   -0.8484  |     1.0187
    2.7939  |     3.6724
   -0.6749  |     1.3207
   -3.0142  |    -5.2430
   -5.0716  |    -2.2116
   -0.7223  |     5.6713
    2.3724  |    -2.3383
   -4.0187  |    -4.5194
    3.3586  |    -4.0521
   -2.9354  |     1.5464
    2.2030  |     1.0445
    1.1381  |    -5.0775
    0.7171  |     1.3058
   -2.6409  |     2.3566
    2.3800  |     1.1505
   -1.4508  |     1.8470
    1.1696  |    -0.5383
    1.2580  |     1.3484
    5.8350  |     1.3947
    1.3079  |     1.5413
   -0.2987  |     3.1561
    2.3276  |    -1.9347
fftsize=  33  logerr= -4.9
 Parte real | Parte Imaginária
    3.5505  |    -5.1190
   -4.2949  |    -0.5981
   -6.7895  |     2.8569
   -6.6486  |    -1.6547
    3.5434  |     2.5287
    2.9935  |    -2.6875
    3.4327  |     3.1366
    1.2925  |    -1.8683
    4.1767  |     0.9570
    2.5887  |    -2.5197
   -3.5544  |     0.6758
    0.9879  |     5.2606
    4.8643  |    -2.8298
    0.0515  |    -2.7384
   -0.2966  |     2.2190
    2.6688  |    -4.0644
   -5.7522  |     3.3344
    7.5950  |    -1.0136
    3.6209  |     5.7339
   -1.5074  |    -2.6080
   -1.8671  |    -1.4147
    3.7767  |    -1.0953
   -0.8030  |     5.3315
    4.1494  |    -0.6557
    2.7364  |    -1.3078
   -0.4582  |     3.3385
    0.3862  |     2.6207
   -2.9730  |     3.5939
    2.9682  |    -3.3743
   -2.3533  |     5.4359
   -1.0916  |    -3.7424
    0.1789  |    -4.2435
   -3.8058  |     2.8084
fftsize=  34  logerr= -4.9
 Parte real | Parte Imaginária
   -2.6433  |     3.4239
    5.3398  |     1.3614
    2.9814  |    -0.0179
    4.0924  |    -2.2196
   -2.0590  |     2.4674
   -3.6170  |     4.0053
   -2.4018  |    -1.5358
   -1.6650  |     1.4333
    2.2643  |     2.7719
    3.6850  |    -0.3108
    3.6947  |     1.3766
   -1.3412  |     4.1067
    8.3878  |    -1.9820
    5.8211  |     3.5004
    2.8507  |    -2.3033
    2.7121  |     1.3290
   -7.0663  |     4.5621
   -5.0499  |     4.2269
    0.5885  |     0.4814
    0.3095  |    -2.7183
    2.2111  |    -5.4862
    1.1667  |     4.0969
    2.4318  |     3.4349
   -0.3033  |     0.7950
    0.7003  |    -5.2784
   -2.3859  |     5.8237
   -2.8936  |    -0.7423
    3.5727  |    -0.1542
    1.2266  |     1.8143
    0.8597  |    -0.2916
    2.6615  |     2.7506
    1.0424  |     1.8317
   -4.2494  |     4.3945
    4.9871  |    -4.5712
fftsize=  35  logerr= -4.6
 Parte real | Parte Imaginária
    6.8261  |    -1.8507
    5.7383  |    -0.3114
   -3.5418  |    -2.0882
    5.2294  |    -0.3787
   -3.2416  |    -3.0592
    0.2108  |    -1.9486
   -4.2233  |    -0.0840
    1.6898  |    -5.0755
    6.2214  |    -2.6987
    2.2296  |     2.3672
    2.2570  |    -4.8187
    1.6552  |     1.4445
    1.9981  |    -4.9978
    2.4619  |    -0.0290
   -4.1378  |    -0.7028
    5.0654  |     2.9655
    0.1658  |    -2.5207
   -0.7413  |    -1.5323
   -2.2060  |     2.3748
    3.6418  |     0.8832
   10.0392  |     5.8075
    3.0449  |    -3.6525
   -5.6904  |     1.3321
    1.3675  |    -5.6626
   -3.8227  |     3.7909
   -2.7838  |     0.2521
   -6.8389  |    -6.4888
   -2.5659  |     1.1255
   -2.1796  |    -5.0522
    3.0042  |    -2.6817
    4.4179  |     2.1582
   -3.4424  |     1.0435
   -0.7610  |     2.3664
    0.0254  |     0.6938
    3.7198  |    -3.4004
fftsize=  36  logerr= -4.8
 Parte real | Parte Imaginária
   -1.7145  |     0.7638
   -4.9348  |    -4.5581
    4.4192  |     4.5452
   -1.8518  |    -0.1863
   10.1228  |     6.7663
    1.0641  |     6.3240
    1.0162  |    -3.7947
    4.3737  |     1.8778
   -2.5516  |    -3.5557
   -1.2761  |     5.7985
    7.5782  |    -1.9709
   -2.6931  |    -3.9491
   -2.0230  |     3.6307
    4.1889  |     5.7506
   -1.0468  |     3.7132
   -0.8466  |     3.7078
   -0.6057  |     0.5702
   -0.4096  |    -0.6112
    0.4261  |     2.7438
    2.0845  |    -1.6378
   -1.7545  |    -2.6390
   -3.7933  |    -0.0327
   -0.4971  |    -0.4456
   -2.1997  |    -0.5598
    0.9619  |     0.9367
    2.5732  |    -3.0419
    5.6191  |    -1.7495
   -1.1256  |    -2.4041
    0.7238  |     3.9805
   -3.2630  |    -1.0323
   -1.3466  |     1.8729
    1.8520  |     2.8996
   -2.6059  |     0.3947
    2.4322  |    -4.4044
   -0.8581  |    -0.6477
   -0.4202  |     5.1976
fftsize=  37  logerr= -4.8
 Parte real | Parte Imaginária
    5.2489  |     4.7657
   -4.0910  |     2.4681
   -6.5641  |    -3.8878
   -3.4378  |    -2.3170
    1.4033  |    -0.3298
   -1.6847  |    -0.2494
    5.0200  |     2.9732
   -1.2258  |     1.4320
    3.6992  |    -3.9512
   -0.5384  |     6.9104
    1.6363  |     2.3333
    0.5184  |    -3.2454
    0.2749  |    -0.5586
    0.2131  |    -0.4518
    0.8769  |     2.1757
    4.9768  |    -6.7855
   -3.2491  |    -4.2242
   -4.7749  |    -2.3791
   -0.3013  |     7.0684
    3.8496  |    -1.1871
    0.9549  |    -5.8101
    2.0060  |     0.6797
   -0.3181  |     0.3757
    2.7544  |    -0.4207
    3.6730  |     5.7695
   -7.7433  |     0.3701
   -0.7019  |     1.8067
   -6.0921  |    -0.0515
    2.0762  |     6.1909
    2.9067  |     4.1741
   -2.3354  |     2.5518
    4.7064  |     3.3316
    4.9997  |     4.1556
   -1.0470  |     2.4587
   -1.5371  |     6.2944
    5.6442  |     0.9809
    4.7724  |     1.5245
fftsize=  38  logerr= -4.9
 Parte real | Parte Imaginária
    2.1174  |     0.2140
    3.9803  |     0.0617
   -5.0165  |    -0.5847
    1.3634  |    -1.4355
   -3.8494  |    10.3528
   -2.4199  |    -9.6391
   -4.2196  |    -7.2521
    0.3628  |    -0.2904
    3.6404  |     4.3874
    1.9427  |    -1.0764
   -2.6484  |    -0.1195
    2.9293  |    -6.9716
   -2.5564  |    -4.6919
    3.1693  |    -2.5870
   -4.9509  |    -0.2264
   -2.9810  |     4.8059
    3.0440  |     7.4006
   -5.1544  |    -2.0943
    0.3011  |     4.7915
    6.9645  |    -1.8862
   -2.3740  |     0.8786
    1.1569  |    -1.0853
    3.6095  |     3.9472
    3.1967  |    -1.2162
    0.1155  |     3.1072
   -1.1755  |    -2.7457
    1.5300  |    -7.2610
   -1.6442  |     2.9369
   -1.8649  |     0.1813
    1.8229  |    -4.4316
   -1.1592  |     1.9673
   -4.7489  |     2.4285
    5.5951  |     0.0980
   -4.3192  |     2.3191
   -3.8183  |     0.7057
    0.9690  |     0.3188
   -3.5907  |    -1.9946
    5.4992  |     1.6808
fftsize=  39  logerr= -4.6
 Parte real | Parte Imaginária
   -6.7893  |    -1.8263
   -1.0750  |    -3.3382
    0.5512  |     6.8465
    4.6728  |     0.2025
   -0.6096  |    -5.2090
   -4.7270  |    -3.8912
   -2.0963  |     2.7935
   -3.6978  |     0.2931
    0.3109  |     2.9107
   -5.0036  |     0.2267
   -0.8416  |    -0.4817
   -3.7948  |     9.2754
   -2.7287  |    -3.2455
   -2.1387  |    -3.1927
    1.0319  |     5.1140
    4.3453  |     1.8723
    2.3980  |    -8.4439
    3.8473  |    -1.1099
    6.1517  |    -4.9590
    2.6718  |    -7.6357
   -6.2588  |    -8.1126
    1.8896  |    -1.4235
   -4.0021  |     2.8694
   -5.0945  |    -2.2317
    9.7878  |    -2.0699
    1.2725  |     2.4965
    0.6467  |     1.5247
   -6.1382  |     1.0390
   -3.5077  |    -2.6791
   -4.5072  |    -6.8254
   -4.7100  |    -0.4271
    1.2617  |    -1.4379
   -2.7674  |     0.5272
   -2.1964  |     0.1032
   -2.5494  |     0.3762
    2.6190  |     6.8931
   -3.2832  |     0.3190
   -1.6092  |     5.0359
   -2.2516  |    -7.1924
fftsize=  40  logerr= -4.6
 Parte real | Parte Imaginária
    3.8555  |     2.9697
    1.0180  |    -1.7810
    3.9741  |     0.6880
    1.2308  |    -0.1821
   -2.0340  |     4.6641
   -1.6634  |    -1.4977
    2.0428  |    -3.0584
    3.4645  |     2.9621
   -6.8931  |    -2.6840
    8.6083  |    -0.0678
    1.3708  |    -1.6411
   -4.9190  |    -4.6430
   -4.4131  |     2.7835
   -3.1545  |     3.7757
    6.4808  |     0.2389
   -5.4301  |    -0.3398
   -2.7645  |     1.0624
   -4.0401  |     7.5370
   -4.9854  |    -1.8016
   -0.8700  |    -1.5543
    6.8041  |    -5.2176
    3.4643  |     3.1018
    6.7626  |    -7.6586
   -3.1987  |     1.4293
    0.8103  |     0.2285
    0.4782  |    -0.5362
   10.4572  |    -2.1577
    3.2175  |     3.1419
    0.0143  |     1.7246
   -0.4887  |    -1.1898
   -3.9450  |     2.1950
    4.1618  |     4.1461
   -3.8551  |    -2.8363
   -3.9080  |     8.0740
    4.1946  |    -3.2018
    0.3027  |    -1.4910
    0.4193  |     4.8982
    2.2087  |    -2.3962
   -4.2263  |     1.7893
   -3.0530  |     3.6762
fftsize=  41  logerr= -4.7
 Parte real | Parte Imaginária
    0.9617  |    -2.9171
    1.1137  |     2.0033
   -1.0130  |    -2.5923
   -1.5142  |     6.1763
   -3.2483  |    -5.1031
   -2.9839  |     3.0763
    4.1498  |    -8.4654
    2.5690  |     2.8584
    4.5825  |     0.1684
   -1.7304  |    -4.7312
    0.8409  |     2.0673
   -0.8523  |     0.1656
    1.6368  |    -2.1518
    3.6134  |    -1.0263
    0.8254  |    -3.3361
   -7.0861  |    -6.8754
    0.9481  |     0.1935
    2.0988  |    -2.1432
   -4.3699  |    -1.1443
   -0.2559  |     7.1059
   -1.3917  |    -3.5866
    3.1189  |    -2.9748
   -3.9649  |     3.5451
    3.9812  |     2.1102
   -2.2320  |     4.2273
    1.0300  |    -7.5677
    0.1023  |     5.4589
    1.5135  |     4.6251
   -1.8495  |     3.6828
    0.4479  |     0.7758
    3.1048  |     3.9154
   -1.4093  |    -2.4752
   -6.4341  |    -4.2996
   -0.2328  |     2.2201
    1.0549  |    -4.8981
    4.3070  |    -6.1710
    0.1522  |     2.2025
    3.9268  |    -0.2267
   -0.4351  |    -2.5198
    6.5208  |    -1.9409
    2.2884  |    -9.8050
fftsize=  42  logerr= -4.5
 Parte real | Parte Imaginária
    6.0635  |    -1.7085
   -0.3541  |    -6.8904
    3.7820  |     3.8138
    1.5512  |     0.8472
   -3.1734  |     6.5088
   -7.6839  |    -0.1429
    5.1429  |     4.5474
   -2.4015  |    -1.7316
    3.1375  |     0.2065
    0.5279  |    -0.2203
   -3.4892  |     6.6641
   -6.0047  |    -1.3054
    6.4297  |    -1.5637
    7.4109  |     1.3359
    0.2074  |    -0.5792
    1.9638  |     1.5513
   -1.4364  |    -4.8673
    1.3951  |    -1.0127
   -0.1995  |    -0.7943
   -2.2279  |    -2.1894
   -0.8894  |     6.8544
   -1.5660  |     0.5068
   -3.1014  |    -7.9671
    0.7769  |    -2.5368
   -5.3303  |    -5.0134
   -1.3258  |     4.7845
    5.3316  |     0.1079
   -3.0588  |    -6.8237
    4.1094  |     1.2422
   -0.0088  |     0.8445
    1.2446  |     2.2902
    3.4729  |    -2.3909
    3.8266  |    -1.7219
   -3.5355  |     0.4496
   -0.6576  |     0.1237
   -0.2896  |     2.0002
    3.0808  |     1.1864
   -3.1859  |    13.5894
   -3.2421  |     7.2423
   -1.9288  |    -5.9302
   -9.5314  |     1.8780
    0.0143  |     2.2635
fftsize=  43  logerr= -4.6
 Parte real | Parte Imaginária
    9.2498  |     3.6141
   -0.4204  |     4.7255
   -0.2389  |    -4.5796
   -5.6505  |    -1.1829
    3.8855  |    -4.3541
    1.2011  |    -7.0789
    2.2312  |    -0.0310
   -3.1566  |     2.5077
   -2.4589  |    -8.7526
   -0.3024  |    -2.8090
    1.7944  |     7.2334
   -0.9328  |     2.4112
   -2.6970  |     0.7260
    3.7438  |    -1.4875
   -2.5187  |     3.6200
    0.0536  |     0.9774
    1.7103  |     2.3696
   -6.6269  |     7.4481
    9.7203  |     4.7879
    0.9415  |    -1.9030
    1.9721  |    -3.2354
   -3.4093  |    -5.4572
   -4.2527  |     0.4371
   -3.2837  |     4.4528
   -1.5481  |    -2.0013
   -0.4045  |     4.9708
   -4.2192  |    -8.3490
    2.1066  |    -0.8925
   -0.5841  |    -2.2606
   -1.2833  |    -2.4278
    0.0687  |     2.1718
   -4.3425  |     3.9012
    0.8370  |     2.4234
   -2.0065  |     8.2312
    0.7069  |     4.8103
    4.8180  |    -5.8576
   -0.2127  |     1.8289
   -2.0962  |     1.3576
   -4.4574  |     2.5240
    1.6420  |    -5.0278
   -2.6069  |    -0.5885
    0.5528  |    -7.5029
   -3.7069  |    -1.6934
fftsize=  44  logerr= -4.6
 Parte real | Parte Imaginária
    4.7128  |    -2.4811
   -4.3005  |    -3.9245
   -2.7164  |     3.7370
   -1.3224  |     1.1786
   -6.5376  |     2.3069
    0.8060  |     5.2268
    3.8340  |     5.0076
    0.7349  |     0.8730
   -0.6963  |     0.5480
    2.1645  |    -0.0615
   -4.5993  |     3.5607
   -2.8778  |     5.5143
    3.6089  |     0.3731
    3.3734  |    -1.8528
   -1.4112  |    -2.0385
   -0.2008  |     2.0792
    1.4409  |     3.3535
   -0.1018  |    -3.4558
   -4.0144  |    -4.9880
    3.0227  |    -1.4987
   -2.3106  |    -3.3206
   -2.7780  |    -0.3072
   -6.7337  |    -7.7891
   -6.6242  |     2.3530
    1.7292  |    -2.6886
   -0.0835  |    -0.6643
   -3.5875  |    -0.7742
    5.5798  |     1.0574
    3.0555  |    -2.9153
   -1.9610  |    -1.2917
    2.3129  |    -8.8020
   -0.9595  |    -2.0309
    3.7353  |     2.1231
    3.9957  |     3.1547
    1.4017  |    -3.9159
   -3.8435  |     1.9479
   -6.7451  |    -6.8811
    3.1198  |     0.7440
   -6.8540  |     3.7542
    2.5774  |    -2.6307
    1.4689  |     3.0833
   -2.9171  |    -1.4101
   -1.8488  |     3.1664
   -4.3920  |     0.8088
fftsize=  45  logerr= -4.7
 Parte real | Parte Imaginária
   -1.8208  |     3.0638
   -1.6896  |    -3.6818
   -1.3304  |     5.4004
   -0.5325  |     1.4709
    7.5930  |     1.0003
   -1.2383  |     1.6828
    6.8516  |    -3.8850
   -5.6665  |    -0.7108
    8.4760  |    -0.0976
   -8.8651  |    -2.4747
   -7.8182  |     1.5560
   -3.1992  |     1.8597
    0.8876  |     1.2742
    0.2126  |     1.9289
    5.0808  |     7.4216
   -0.5526  |     4.2780
   -2.3427  |     1.6484
   -4.5214  |     2.8852
   -0.0783  |    -0.5780
    4.1828  |     2.5219
   -1.0882  |     2.1424
   -0.8956  |    -1.7691
   -9.2234  |     3.1683
   -0.4519  |     6.5305
    1.9512  |     1.9728
    2.8392  |    -6.4954
   -0.6042  |    -0.3016
   -2.7600  |     0.7177
    5.4728  |    -0.4743
    3.7488  |     5.6281
   -0.3824  |    -0.4875
    4.2392  |     2.1856
   -1.1341  |    -7.4813
    3.9559  |    -0.9074
    3.7805  |     6.6009
   -7.3858  |     5.0606
   -4.1785  |    -4.9084
    3.9962  |    -5.3712
   -6.4376  |    -0.4911
   -4.3874  |    -0.4482
    4.3185  |    -3.8033
    0.2035  |     1.6852
    3.8663  |     2.0202
    6.8636  |     1.6167
   -0.1242  |     2.0531
fftsize=  46  logerr= -4.5
 Parte real | Parte Imaginária
    1.2965  |     1.5359
    3.9889  |     2.1293
    0.4105  |    -1.3978
    6.3865  |     2.3367
   -1.3452  |     0.0199
   -2.9183  |     1.0133
    2.9141  |     6.4736
    1.0503  |    -0.3527
   -4.0047  |    -1.3180
    2.7331  |    -1.8072
   -1.1774  |    -5.7646
    0.0165  |     2.3560
   -0.7589  |     1.0013
    1.8278  |     0.7927
   -4.1895  |    -3.6992
   -2.5809  |    -3.4871
   -2.7687  |     0.6339
    0.5403  |     2.2003
   -1.4464  |    -2.5939
    1.3632  |    -2.7104
    4.4945  |     2.0428
    3.0367  |     3.4268
  -10.0283  |     0.6458
   -0.6534  |    -5.2196
   -3.6237  |     1.3582
   -2.9881  |    -1.1803
    0.3137  |     9.7098
    0.1935  |    10.1282
   -6.2310  |     4.2245
    3.2422  |    -1.1070
   -1.9504  |    -3.1910
   -4.1098  |     8.7500
    2.9190  |    -3.2204
   -4.9767  |    -5.3584
    4.9339  |    -2.7129
    2.0598  |     3.2285
    3.3768  |    -7.1679
    6.3189  |    -2.3021
   -6.8097  |     2.0815
    1.5756  |    -1.1497
   -0.8002  |     5.3775
   -6.0693  |    -0.0817
   -1.7449  |     2.1623
   -1.0089  |     6.5882
    0.5633  |    -1.5403
    6.3517  |     3.3374
fftsize=  47  logerr= -4.7
 Parte real | Parte Imaginária
   -1.2535  |     2.1049
   -2.2543  |     0.9725
    4.3087  |    -4.1642
   -0.0953  |    -6.5029
   -0.4713  |    -1.7332
    8.0032  |     3.0385
   -5.4877  |    -0.9834
   -1.2773  |     4.6046
   -0.2629  |    -4.2311
   -3.5672  |    -2.8457
   -3.2009  |    -2.6272
    1.1678  |    -0.3254
   -4.6680  |    -4.1932
   -7.8293  |     7.3743
    5.5475  |    -5.3901
    0.0342  |     1.1392
   -2.4186  |    -0.1951
   -5.1228  |     7.1566
    6.2613  |     5.5665
    3.9956  |    -3.8961
    4.1946  |    -1.2664
   -6.6875  |    -5.8106
   -1.5149  |    -0.6421
   -2.9141  |    -4.4153
   -0.1250  |    -1.4776
    2.4345  |     5.7330
    2.2019  |     0.4706
    4.5386  |    -7.7428
   -3.5466  |    -5.4586
    4.9935  |    -5.7630
    3.0228  |     2.0162
   -4.0706  |     1.7605
   -3.8367  |     2.2324
    5.3665  |     4.9212
    4.4211  |     4.5386
    1.1032  |     3.7516
    4.1126  |     0.7836
    2.4634  |     5.9157
   -3.5200  |     4.4448
    4.9036  |    -2.3799
   -5.6154  |     2.9865
    6.4828  |    -2.8312
   -4.1388  |     0.8384
    9.9263  |    -1.2193
    2.8798  |     3.1890
    1.0455  |    -3.5323
    3.6811  |     4.7526
fftsize=  48  logerr= -4.5
 Parte real | Parte Imaginária
   -7.2361  |     0.0906
    3.2514  |    -1.6312
    2.5704  |     4.7416
    6.0139  |    -2.7692
   -0.3198  |     1.3719
    1.7322  |     7.5651
    2.0379  |     9.5419
    0.7293  |     6.3813
   -1.1249  |     0.2309
   -3.6069  |     4.3611
    0.7434  |    -1.8623
    8.4107  |    -1.3046
    3.7604  |     0.1380
    0.7801  |    -1.2653
    1.9685  |     0.7488
   -1.3830  |    -7.7125
   -3.2613  |     2.5532
    0.4807  |    -2.6481
   -4.7323  |    -0.4050
    1.2576  |     0.4428
   -2.7761  |     1.1046
   -1.3974  |    -0.6932
    9.6960  |    -6.5960
    6.1307  |    -2.4741
   -1.6369  |     1.4687
   -1.5889  |     0.1687
    1.4489  |     0.8831
    6.4588  |    -7.6438
    0.8570  |     5.9119
    1.2727  |     4.1897
   -6.8093  |    -4.8029
   -4.6555  |    -0.8760
   -0.2453  |     1.1725
    0.8656  |     0.4098
    5.8489  |     8.4330
   -4.9942  |    -7.2252
    8.4736  |    -4.6922
   -6.2102  |    -3.3362
   -3.7007  |    -1.3509
    0.0343  |     4.9285
    6.2703  |     2.4664
  -11.3894  |    -1.0835
    5.0125  |     4.3835
   -5.3429  |    -0.5994
   -3.8105  |    -1.2401
    5.1739  |    -7.1107
    1.2077  |    -4.2596
   -3.5200  |    -1.5685
fftsize=  49  logerr= -4.7
 Parte real | Parte Imaginária
  -11.8020  |     4.6264
    6.2681  |    -3.3735
   -5.4152  |     0.2773
    4.4177  |    -0.6141
    6.3563  |    -3.1388
    7.0555  |    -7.1205
   -5.9562  |     5.0854
   -0.1267  |    -3.7570
    7.1118  |    -1.1841
   -2.3397  |     5.9682
   -0.3011  |    -4.0162
   -3.4324  |    -0.3134
   -0.4962  |    -2.9707
    2.3498  |     0.2375
   -1.0170  |     2.9522
   -5.3029  |     5.8308
    2.4887  |     0.4659
   -1.1867  |     5.7431
   -4.0260  |    -1.0982
   -0.9286  |    -4.7670
   -3.3100  |     2.5814
    5.2008  |    -4.5589
    3.9543  |    -5.9325
   -5.3971  |    -2.0796
    7.4231  |     4.3402
   -0.9143  |     3.9686
    1.6949  |     2.7084
    1.0560  |    -2.7339
    0.6477  |    -5.1225
    0.6730  |    -3.5470
    1.4127  |     7.4783
    6.7341  |     5.3894
    1.0495  |     4.0737
   -0.9430  |    -0.1942
    2.6919  |     1.9295
   -2.3295  |     3.0524
    2.2955  |     3.7432
   -2.3179  |     1.5526
    4.0332  |    -3.9397
   -3.3991  |    -0.3682
   -1.3332  |     4.8663
   -0.7673  |    -3.3403
    1.1441  |    -2.6599
    2.2988  |    -0.9883
    5.1338  |    -1.5267
    1.9219  |     1.7941
    2.8850  |    -5.9193
   -3.6050  |     2.0746
    1.3132  |    -3.2519
fftsize=  50  logerr= -4.6
 Parte real | Parte Imaginária
   -6.5093  |     5.4945
    6.0086  |     4.7205
   -0.8268  |     0.7814
    8.8408  |     1.2974
   -3.1770  |    -4.7098
   -0.7578  |    -4.2368
   -0.2049  |    -4.3518
   -2.9460  |     7.2364
    1.9112  |    -3.9757
   -3.2435  |    -4.6288
    2.4765  |    -4.9898
   -0.7904  |    -2.2710
    1.7199  |     4.1603
    2.1219  |     0.5052
   -4.7392  |     3.9903
   -4.9057  |    -0.7193
   -0.3827  |     1.6514
    0.1686  |    -0.1927
    3.7531  |     5.8916
    4.9315  |     2.1012
    0.3787  |    -2.6396
   -1.0549  |    -5.1755
   -4.4697  |     6.2927
    3.9085  |     4.4125
   -4.8835  |    -2.8775
    2.3582  |     1.6282
   -1.3863  |     9.2146
   -2.6238  |    -1.3837
   -0.6228  |     7.0342
   -2.8153  |     5.7299
   -7.0975  |     6.1818
    0.0182  |    -7.0622
   -1.8016  |    -0.7848
   -7.6393  |     4.8799
   -0.1519  |    -2.4391
   -0.1515  |    -1.3341
    0.5506  |    -6.9494
   -2.8355  |     1.3777
   -2.3788  |    -3.0294
    5.7511  |    -2.3856
   -3.3459  |    -4.5628
   -2.9697  |     1.3993
   -0.3810  |    -0.1353
   -0.3158  |    10.0118
   -4.2774  |     1.5931
   -1.4687  |     1.7833
   -9.4640  |     3.0658
    1.1195  |    -1.5318
   -0.3951  |     1.5318
   -4.7714  |    -0.0433
fftsize=  51  logerr= -4.5
 Parte real | Parte Imaginária
    3.5559  |    -3.2481
    0.7667  |    -3.6109
   -0.0908  |    -0.8924
    2.9102  |    -8.3210
   -6.5748  |    -4.0909
   -1.6881  |     2.2759
   -6.7649  |     9.2934
    1.3664  |    -3.4117
    2.3484  |    -2.7784
   -3.6753  |     2.8219
   -1.2174  |    -9.6983
   -1.0518  |    -3.2538
   -4.8862  |    -3.1275
    2.1195  |    -2.2689
    2.5327  |    -2.1966
   -5.5639  |     2.1496
   -2.1944  |    -1.9004
    1.7853  |    -0.2787
   -2.7372  |     6.3269
    6.8741  |    -0.4079
   -0.0273  |     5.8449
    0.5859  |    -3.1876
    1.9999  |     7.9789
    3.2201  |    -1.9331
   -5.0292  |     1.9519
    2.8998  |     3.1111
   -0.8063  |    -1.3444
    1.8928  |    -1.3799
    0.1104  |    -2.9917
    2.7059  |     9.1030
    0.1298  |     6.0454
   -0.8562  |    -3.1031
   -5.5384  |     2.5563
    6.4187  |     2.8533
   -7.1674  |     2.7348
   -4.4308  |     0.2703
   -2.5829  |     1.3365
   -3.8885  |     7.7399
    7.6556  |     5.4122
   -6.9326  |     3.0822
   -1.6067  |    -2.7864
    3.5226  |     5.2858
   -2.1970  |     2.9491
   -3.6343  |     2.9396
    6.2767  |    -1.1202
    0.9005  |    -3.4993
    2.7822  |     4.4495
   -2.3111  |     1.0872
    0.4692  |    -5.9588
   -0.2181  |    -2.4250
    2.7947  |    -0.2203
fftsize=  52  logerr= -4.5
 Parte real | Parte Imaginária
   -1.5942  |     6.6459
   -0.0848  |     2.1498
    3.1067  |    -0.9035
    6.5254  |    -4.9864
   -0.1307  |     1.0009
   -8.8561  |    -4.2789
    2.5745  |     0.3429
   -2.0090  |    -5.9521
    2.1035  |     5.0622
   -1.4999  |    -5.3220
   -0.3372  |     1.3002
   -3.1409  |    -3.1992
    0.2761  |     0.6632
    6.4920  |     4.8958
    5.2498  |     7.7321
    0.3235  |     4.0926
   -0.1100  |     0.0390
   -1.7107  |    -2.8511
   -1.8669  |    -3.0160
   -2.9773  |     2.5642
    5.9532  |     2.2304
    0.0335  |    -5.9419
    8.2340  |     2.7719
    2.9573  |     1.7605
    7.2320  |    -8.4072
   -1.6786  |     4.1613
   -3.0138  |     4.4632
    5.8537  |     5.5024
   -2.9385  |     1.2377
   -0.9152  |     4.4643
    0.8293  |     6.8518
   -0.7797  |    -2.0602
   -0.3012  |    -5.0120
   -1.4742  |    -7.2391
    0.1778  |    -9.4904
    4.4678  |    -0.0114
    1.9080  |     7.0650
    1.9762  |    -8.0190
   -0.4442  |     0.1000
    0.4496  |    -8.3485
    2.3056  |     1.2305
    7.5244  |     3.8179
   -3.1533  |     4.5250
    2.3389  |    -1.7671
   -0.6322  |    -2.6927
    1.4097  |     6.9538
    0.7648  |    -4.2587
    7.3813  |     4.6508
   -4.1393  |    -2.1940
   -1.9227  |    -0.4380
   -6.3104  |    -7.1548
   -0.9923  |     1.3576
fftsize=  53  logerr= -4.3
 Parte real | Parte Imaginária
   -3.8997  |     1.5373
    0.1186  |     2.8750
   -1.4289  |     1.5782
    4.9011  |     8.7605
   -1.0900  |    -4.6823
   -2.8286  |    -1.4441
   -7.8898  |     1.9596
   -1.0755  |    -7.7779
    1.9107  |     0.9413
    9.8734  |    -3.1879
    1.3904  |     2.1938
    2.0321  |    -1.5752
    2.8210  |     9.6839
  -10.6229  |    -0.4569
    2.0289  |    -2.7144
    0.9262  |    -3.1018
    1.9010  |     3.2072
   -1.6697  |    -2.0529
   -5.6294  |     0.2159
    3.4879  |     0.4663
    1.4045  |    11.0362
   -0.1078  |    -1.2155
    0.5124  |     0.0482
   -0.6656  |    -0.1959
   -1.9186  |     2.4683
    2.3003  |    -0.8989
   -1.0773  |    -2.3617
    1.0026  |    -6.2938
   -3.2627  |    -0.7233
   -0.7706  |    -2.4015
    4.5255  |    -2.9169
    7.7991  |     5.0887
   -3.7642  |     0.9487
   -5.9404  |     0.6477
    0.0051  |     1.1198
    7.2066  |     3.3803
   -2.5026  |    -0.2335
    2.0914  |    -3.4615
    3.0455  |    -3.9825
   -1.3294  |    -5.2643
    3.0305  |    -7.1760
   -0.0728  |     1.9772
  -11.1710  |    -1.6103
    5.8139  |     0.2682
    1.1229  |    -2.9845
    6.5995  |     2.5305
    6.7527  |    -1.8384
   -4.6974  |     5.5389
    3.9081  |     5.2344
   -0.5929  |     1.1899
   -0.9661  |     2.8898
   -3.9269  |     3.5029
    8.7516  |    10.3071
fftsize=  54  logerr= -4.4
 Parte real | Parte Imaginária
    3.2352  |    -6.1893
   -3.2614  |    -7.7451
   -4.0869  |     5.3494
   -3.7150  |     8.8442
    3.9763  |     2.9099
    1.1396  |    -4.6637
   -3.9759  |     3.7611
    5.0739  |     3.0920
   -0.4385  |     6.9378
    2.1140  |     1.1846
    0.7578  |     4.2472
   -5.8510  |     2.6680
    4.8619  |    -3.5418
   -1.3686  |    -1.3851
   -1.8772  |    -1.0454
   10.2282  |    -3.6977
  -11.7301  |    -0.3069
   -9.3918  |     0.1672
   -6.0303  |     0.1671
   -0.0147  |    -3.9891
   -1.0593  |     1.0603
    3.1328  |    -1.1093
   -6.2871  |    -6.9057
   -0.2512  |     0.8463
   -3.0830  |     3.3950
   -0.1995  |     6.2251
    1.8020  |     0.1472
   -5.7598  |    -4.8570
    1.4193  |    -3.8717
   -7.1148  |    -1.6506
   -6.6242  |     0.4683
   -5.5265  |    -0.3204
   -5.8399  |    -2.5842
    8.2985  |    -5.9993
    4.2050  |    -2.0720
    0.2479  |    -0.3463
   -5.0373  |     2.9231
    0.3852  |     5.3117
   -2.3536  |     8.2861
    0.1457  |     2.3330
    5.9766  |    -1.5411
   -3.1514  |     6.7154
    0.4469  |    -0.0175
    4.2998  |    -1.5831
    2.6739  |    -4.3541
   -2.5978  |     1.6825
    1.3585  |     1.8282
   -8.7024  |    -1.8904
   -0.6816  |     8.7609
    3.1985  |    -5.1996
    0.5539  |     2.4684
    1.4655  |     0.7374
    6.9896  |     0.2279
   -0.0333  |     6.0031
fftsize=  55  logerr= -4.3
 Parte real | Parte Imaginária
    9.3594  |    -7.3374
    3.3852  |     1.0951
   -4.4608  |    -2.7123
   -5.0165  |     2.7176
   -1.5761  |    -4.7383
    3.0901  |    -0.5199
   -4.2081  |     3.1690
   -1.4136  |     2.1337
    1.9300  |     9.3552
   -0.5896  |     1.9332
    1.6859  |     2.7532
    4.8427  |    -3.5125
    2.8611  |    -2.6130
   -5.0187  |    -0.8054
   -8.6728  |     2.4424
    3.1616  |     5.0469
   -0.3308  |     2.0198
   -4.0123  |    -5.9238
   -4.1059  |     1.3746
   -5.1217  |    -0.5663
   -2.7906  |    -0.5671
   -2.0417  |     7.9111
   -4.7152  |    -6.0954
   -6.2207  |     1.6311
    0.3749  |    -8.2761
    4.4285  |    -0.5490
    2.4661  |    -4.7376
   -1.2724  |    -2.0021
    2.1635  |     1.7633
    3.7038  |    11.6614
   -5.1690  |    -6.5436
   -0.7071  |    -3.0509
    3.2895  |    12.4018
    3.9836  |     1.0886
    0.8416  |    -3.2682
   -6.3957  |     1.2502
   -0.6818  |    -3.7273
    4.6810  |     1.8223
   -0.5148  |    -1.5412
    3.7632  |    -2.3247
    3.6417  |    -8.3018
    3.6548  |     6.9634
   -1.2474  |     4.9505
    1.1653  |     2.4981
   -6.0681  |     6.1523
    7.4225  |     5.0721
    0.0263  |     0.6463
    2.5743  |    -1.6285
    2.4310  |    -0.3355
   -0.7365  |    -3.7271
    2.2394  |     6.5316
    1.9667  |     0.9020
    2.9871  |    10.0433
   -0.6021  |    -2.5548
   -1.0555  |    -8.2429
fftsize=  56  logerr= -4.3
 Parte real | Parte Imaginária
    6.4412  |    -5.6839
   -5.8578  |     0.2586
    1.1112  |    -8.1189
   -1.7844  |     1.0297
   -1.4430  |     4.3956
    0.9297  |     3.6529
    5.6449  |     4.7920
   -2.1025  |     4.1564
   -1.7732  |     5.1007
   -0.0024  |     1.3838
   -2.7651  |    -2.8690
   -2.2950  |    -5.6889
    0.6443  |    -0.5081
    6.9179  |    -3.7196
    9.4779  |     2.2464
   -7.7354  |    -5.5652
    1.5198  |     1.8492
    6.6172  |     1.4105
    5.2340  |     3.6950
    4.2453  |    -3.8160
    8.6531  |     3.8932
   -5.1328  |    -5.0504
    0.4228  |     3.7996
   -3.0148  |    -4.7478
    7.2014  |     4.3150
    7.3628  |   -11.7924
   -1.0119  |    -0.5513
    3.9276  |     3.8561
    5.7296  |    -1.2784
    2.4293  |    -3.6298
   -2.5866  |     2.7585
   -0.9012  |    -6.4148
    5.4824  |    -1.2743
    4.1741  |     5.7745
   -0.7228  |     1.8528
   -4.0313  |     1.7499
   -1.8501  |    -0.6825
    0.4949  |    -5.0453
   -1.3042  |    -3.3739
   -3.5403  |     1.0220
   -1.6023  |    -0.5496
   -2.1278  |     2.4248
    2.9688  |     4.5712
    1.1740  |     4.5599
   -1.8000  |    -9.0256
   -0.1280  |    -3.6842
   -4.2301  |     3.2733
   -2.4768  |    -3.1332
    1.4170  |     7.3472
   -0.9049  |    -0.9146
    1.8391  |    -4.5966
   -3.1562  |    -0.8030
    7.3663  |     8.2330
   -0.5823  |    -0.9258
   -4.9495  |    -8.7125
   -1.9213  |    -0.7768
fftsize=  57  logerr= -4.4
 Parte real | Parte Imaginária
   -5.7645  |    -2.3460
   -7.7692  |    -6.0629
    6.9455  |     0.5793
   -0.7941  |    -3.3961
    0.0420  |    -4.2045
    3.9162  |    -3.8600
    1.1152  |     0.6427
   -0.2359  |     3.4152
   -4.7920  |    -5.3788
   -4.4696  |    -1.8990
   -0.7657  |     1.1436
   -4.1958  |    -2.0716
    3.2539  |     4.7646
    4.9435  |    -2.8823
    1.8984  |     5.1024
   -0.0951  |    -5.1836
   -0.6755  |     2.4198
   -1.5353  |     5.3207
   -3.2082  |    -2.3553
   -3.9074  |    -0.4479
    7.8814  |     6.4866
   -0.0225  |     1.4215
    4.8559  |    -3.0548
    3.3875  |     6.1160
    3.9244  |    -0.9653
    0.5715  |     0.3217
    0.4077  |    -3.5314
    3.4362  |    -6.5978
    5.1237  |    -1.5184
   -5.9743  |     5.1931
   -3.9046  |    -0.8016
   -0.5977  |    -2.4184
    1.2371  |    -1.0845
   -3.7920  |     7.9686
    2.0437  |    -6.3761
   -0.3578  |    -0.4747
    4.2174  |     7.6466
   -2.2122  |     2.3033
    3.9009  |    -4.3406
   -2.4644  |     1.6935
    1.7612  |    -1.9158
    9.5558  |    -2.4056
    5.9099  |     4.0241
    9.5594  |    -9.4896
   -2.4378  |     1.4933
   -0.6431  |    -7.3496
   -3.0056  |    -3.6817
    0.9982  |    -1.8986
    4.5158  |     0.8726
   11.3248  |    -1.6126
   -1.6036  |     0.3817
    6.8871  |     1.2859
    3.8129  |    -6.1942
  -10.2417  |     3.7689
   -1.1136  |     5.2945
    1.5642  |    -3.6908
   -4.3010  |     2.2928
fftsize=  58  logerr= -4.4
 Parte real | Parte Imaginária
    0.3115  |     3.2844
    6.9408  |    -1.7919
   -1.7202  |    -2.6845
    1.7221  |     2.6029
    8.3866  |    -0.7521
    1.9302  |    -2.0508
   -3.9068  |    -0.4810
   -3.6467  |    -1.8419
   -3.5044  |    -7.5266
    1.5911  |    -3.9658
   -0.2817  |     3.0499
   -1.4203  |     6.1454
   -4.5302  |    -0.0693
   -7.2393  |     0.3219
    7.4319  |    -0.0988
    2.9509  |    -2.5851
   -1.4980  |    -4.3637
    1.6753  |     7.5448
   -3.9645  |     3.0710
    8.1110  |     7.3798
   -5.5469  |    -2.0256
    1.1472  |     3.6186
   -4.0043  |     2.8247
   -3.6748  |    -2.0823
    4.8959  |    -3.7477
    7.8370  |     5.5478
  -11.2742  |     2.9677
   14.1969  |    -0.0156
   14.4266  |     2.0284
    2.4466  |     5.4565
   -5.1030  |     2.1879
    0.0718  |     3.2664
   -3.8001  |    -8.4933
   -2.0868  |     8.4937
    0.4994  |     4.0824
    0.3849  |     3.5842
    3.9478  |    -1.0467
    2.6904  |    -3.3165
    1.9592  |     0.0875
   -0.6025  |    -1.4011
    5.7851  |    -1.6952
    5.9722  |     1.2559
   -3.3587  |     1.4074
    6.1742  |     8.0496
    5.1602  |    -1.9445
    0.4157  |    -2.1314
   -1.8445  |    -1.4588
    1.9956  |     5.5932
    2.6653  |     1.5175
    3.0842  |    -0.3537
   -3.7505  |     8.5601
    0.7309  |    -6.7776
    2.7512  |     0.1242
   -2.4382  |     0.3242
    3.5465  |     0.1484
    0.8443  |    -1.4420
    0.8050  |     0.6476
   -0.8596  |     3.6268
fftsize=  59  logerr= -4.4
 Parte real | Parte Imaginária
   -1.4720  |     4.5092
    6.2510  |     2.5224
    4.0230  |    -3.1489
   -3.9253  |     6.0436
   -0.7519  |    -0.5579
   -1.1984  |    -2.9682
    2.2939  |     7.9686
    2.3210  |     0.1583
   -0.5790  |     7.9675
    2.5497  |     1.4677
    3.3607  |     4.8711
   -2.2490  |     1.5284
   -0.3565  |    -7.0207
   -1.9563  |    -6.3763
    3.7165  |    -3.4325
   -3.0548  |     2.6037
   -5.1734  |    -2.7876
    0.6457  |    -4.0769
   -1.6486  |    -7.8765
   -1.0576  |    -3.0510
    0.9118  |    -3.0204
   -0.3579  |    -1.3450
    0.1275  |     7.0207
   -2.4911  |     0.0830
    9.7143  |    -0.5326
    4.2169  |    -2.8586
   -1.1111  |     2.7055
   -1.4087  |     2.2206
   -5.9140  |     0.0499
   -1.8283  |    -2.9119
   -1.1192  |    -3.3366
    1.5828  |    -8.1999
    8.9424  |     5.1360
   -6.3620  |     3.7943
    0.4195  |     0.8041
   11.1761  |    -3.8838
    1.7686  |     0.2327
  -10.6651  |    -0.1028
   -3.9744  |    -2.0644
    5.5335  |     0.0563
   -1.9783  |    -2.0874
   -1.2591  |    -4.1735
   -5.7404  |    -0.6257
   -8.7793  |   -11.7901
    2.3644  |     3.6988
    6.2205  |    -8.5835
   -1.4143  |     2.3023
   -5.9406  |    -8.6426
    1.1875  |     4.9031
   -1.6496  |    -4.2553
   -0.8067  |    -1.2558
    3.6944  |     3.9656
    3.9652  |     1.5341
    2.7364  |    -2.1927
   -0.2646  |    -1.8228
   -3.9054  |    -2.0719
    8.8936  |     0.0193
   -0.6456  |    -2.0484
    2.8895  |     0.6551
fftsize=  60  logerr= -4.3
 Parte real | Parte Imaginária
    5.1339  |     1.8837
    7.2630  |    -7.8258
   -3.4950  |     3.6611
   -5.8752  |     6.0297
   -7.7034  |     0.3591
   -3.5257  |    11.1710
    5.6902  |     6.8554
   -2.1509  |     0.7646
    0.4210  |     4.5824
   -3.0561  |    -5.2723
   -3.3284  |     3.0515
    1.2129  |    -5.8446
    2.1328  |    -1.6898
   -1.4685  |     5.1388
   -3.1355  |    10.6283
   -0.5860  |     0.2940
   -1.0144  |    -0.3059
    1.6496  |     1.6836
    5.0655  |     0.4987
    1.1001  |    -4.7490
    7.4665  |    -5.0884
   -7.1874  |     5.8298
    3.3377  |     3.4142
   -3.3634  |    -0.0605
   -9.1999  |     5.0792
    5.5060  |    -5.0431
   -0.4558  |    -2.5665
   -5.0901  |    -0.0264
   -5.6421  |    -1.4208
    0.9300  |    -3.3213
   -0.6912  |    -0.3203
    5.1411  |    -5.6652
   -0.9576  |    -3.1401
    1.0636  |    -5.7740
   -2.4937  |    -6.4605
    6.3950  |     4.7262
   -6.3085  |     0.7485
    3.3093  |     0.3314
    0.0005  |    10.4075
    6.1272  |     8.4329
    0.3855  |     1.4365
   -1.0816  |    -6.3428
    3.4556  |     4.0252
    5.4078  |     5.2066
    0.6979  |     2.3038
   -1.4589  |    -0.2624
   -4.8759  |    -3.3880
    4.5388  |    -3.9081
    0.3033  |    -2.0511
   -7.2574  |     1.2958
   -4.2549  |     0.0074
   -1.9838  |     0.8108
   -2.1862  |    -2.9442
   -8.4111  |     0.4353
   -7.5901  |    -1.3027
  -14.0854  |    11.6480
   -0.8425  |     0.9617
   -3.6364  |    -5.0733
   -3.5561  |     1.1529
    4.0236  |    11.6952
fftsize=  61  logerr= -4.4
 Parte real | Parte Imaginária
   -6.9170  |     3.4175
    3.9931  |     2.3236
   -2.1136  |     0.4658
   -6.9548  |    -5.6399
   -2.8991  |     1.8427
   -1.2593  |     3.3284
   -7.1028  |    -0.6628
    2.7193  |     0.5077
   -0.7665  |     5.0718
    9.1145  |    -0.4259
    3.8597  |     2.5082
    3.9129  |    -5.7103
    6.7047  |    -5.6684
    2.1353  |     6.0099
   -1.0912  |     1.8896
   -0.6633  |     1.8630
   -4.8526  |    -4.0424
    0.1187  |    -3.9383
   -1.6265  |    -4.5085
    4.4960  |     4.0406
  -10.3683  |     0.5911
   -2.5963  |    -3.7336
   -4.7549  |     5.5871
   -3.9486  |     0.9524
   -0.2255  |   -12.2803
    2.4980  |    -0.7735
   -1.6145  |    -1.6638
   -2.6147  |    -1.2052
   -0.9579  |    -6.9399
    1.7170  |    -1.2192
   -5.4435  |     6.2295
    0.9660  |     6.5763
   -5.1331  |    -0.8883
   -1.9331  |    -2.0316
    0.5211  |    -2.2695
   -0.5292  |     3.0337
    4.0404  |    -4.1180
    6.5527  |    -3.2118
   -0.1933  |     0.8959
   -0.0670  |    -2.5846
    1.8818  |    -4.7494
   -2.5959  |     4.8215
   -7.1204  |     3.8021
   -2.0403  |    -2.4658
    1.3483  |    -0.6059
   -2.8878  |    -6.6582
   -7.7413  |     6.3177
   -0.2970  |     1.7758
    4.6206  |     4.7832
   -4.6971  |    -3.5832
   -7.1734  |     4.2615
    5.6160  |     5.9440
    5.2970  |    -1.8214
   -2.5701  |     6.8339
   -1.3209  |    -1.0683
   -8.0802  |    -0.8782
   -8.1756  |     5.7694
    4.5948  |    -0.1399
   -6.1058  |    -7.7025
    1.7024  |    -3.4280
    1.1904  |    -2.7985
fftsize=  62  logerr= -4.2
 Parte real | Parte Imaginária
   -6.0854  |     6.5786
   -4.1837  |    -6.8092
   -4.7294  |     4.0866
   -6.9698  |    -2.2185
    5.3093  |     1.5303
   -0.4474  |    -1.6697
    3.2920  |     4.9131
   -7.9229  |     3.7843
    2.9778  |    -2.7596
   -8.6035  |     2.7568
   -0.1949  |    -9.4867
   -2.4463  |     7.3169
   -3.7284  |     5.0655
    4.4347  |    -0.4609
    0.7516  |    -0.6473
   -4.1497  |     2.4752
    3.3465  |    13.5277
    2.3440  |     2.1315
   -3.3510  |    -1.4572
    4.9239  |     9.8040
  -10.6774  |    -5.6344
    0.4535  |    -0.5232
    3.8452  |    -6.0112
    5.4891  |    -3.2214
    7.7520  |    -3.8080
    2.9332  |     0.6342
   -0.9601  |     3.9119
   -6.7426  |     6.9072
   -6.2954  |     5.7235
   -1.7034  |     3.9646
    2.9469  |     1.0712
   -0.8129  |    -3.9947
   -3.9002  |     4.9306
    2.2877  |     6.4381
    1.4008  |    -3.8451
   -7.2116  |     0.7845
   -5.7726  |     5.7463
    2.6066  |     1.6976
   -2.8445  |    -2.3380
    5.1534  |     2.9393
    7.6651  |    -4.9329
   -6.1413  |     2.8420
   -3.5134  |     3.8420
   -0.9495  |    -6.4901
    3.2463  |     5.8351
    5.0896  |    -3.6521
   -7.4976  |     1.0342
   -0.6763  |     2.4212
   -1.7073  |    -6.4293
    6.6421  |     0.9844
   -2.2219  |     2.5712
   -7.0238  |     4.1198
    1.4583  |    -6.6453
    6.5437  |    -6.8941
    1.4091  |     0.5541
   -2.3907  |    -1.2349
    3.8062  |     4.6455
    1.4113  |     1.2507
   -1.2189  |     8.5203
   -0.7296  |    -4.2891
    3.9763  |    -2.2126
   -1.9844  |     8.0342
fftsize=  63  logerr= -4.3
 Parte real | Parte Imaginária
    1.3569  |    -6.1610
    8.0059  |    -6.0863
   -5.5028  |     6.5660
    5.1498  |    -7.0060
   -4.7432  |    -7.2377
   -0.0073  |    -2.4476
    2.1112  |    -5.8381
    1.3857  |    -3.6568
  -10.9961  |     3.3495
   -5.0227  |     5.4831
   -5.8035  |    -3.4602
    2.5360  |    -7.3511
   -2.5578  |    -5.9182
   -0.1089  |    -3.0622
    4.1337  |    -0.8934
   -1.5115  |    -8.2728
   -5.2495  |    -2.1550
   -1.2939  |     3.1875
    0.8252  |     0.7108
   -6.2210  |     9.1643
   -6.6733  |     6.0033
   10.5170  |     1.8963
   -2.3055  |    -4.4999
   -3.4428  |     0.5698
   -2.9592  |    -9.5712
    1.4368  |    -2.6371
    2.9816  |     0.1736
   -3.3314  |    -7.8535
   -0.3683  |     5.8999
   -7.9738  |    -0.2676
   -2.1756  |     0.5979
   -0.2169  |    -7.0221
   -3.2803  |    -3.6837
    0.0291  |    -2.3609
    4.6801  |     3.0160
   -3.8220  |     3.6927
   -2.5792  |     7.7460
   -1.8904  |    -0.8038
    2.4053  |    -7.6773
   -5.9129  |    -0.5688
   -0.5084  |     5.6105
    4.5233  |    -0.0215
   -0.3809  |    -4.3978
    1.6852  |    -3.0682
    0.6908  |     1.1681
   -0.8698  |     6.1627
    3.0383  |    -0.1362
    7.9963  |    12.4257
   -2.9655  |    -0.2224
   -5.1685  |    -2.1984
   -2.0839  |     3.1103
   -1.5979  |    -3.9095
   -5.7764  |     2.8545
    2.0423  |     4.7142
   -0.4894  |    -4.1491
    1.4961  |    -0.8886
    2.4995  |   -11.5316
   -6.6446  |    -2.7112
  -10.7710  |     2.5996
   -2.6605  |     5.2876
   -0.5102  |    -4.2738
    0.6621  |    -6.3604
    1.6555  |     1.8091

