fftsize=   0  logerr=-99.0
 Parte real | Parte Imaginária
fftsize=   1  logerr=-99.0
 Parte real | Parte Imaginária
    0.2219  |     0.2219
fftsize=   2  logerr=-99.0
 Parte real | Parte Imaginária
   -0.6327  |    -0.6327
   -0.1997  |    -0.1997
fftsize=   3  logerr=-99.0
 Parte real | Parte Imaginária
   -2.0776  |    -2.0776
    0.5264  |     0.5264
    0.0000  |     0.0000
fftsize=   4  logerr= -6.9
 Parte real | Parte Imaginária
    1.7636  |    -0.3903
   -0.7347  |    -3.0739
    1.6391  |     0.9901
    1.1463  |     0.6260
fftsize=   5  logerr= -0.5
 Parte real | Parte Imaginária
    0.9395  |    -1.0746
   -0.0765  |    -3.5830
   -1.5787  |     0.9571
    1.6950  |    -0.3896
   -0.0387  |     1.4380
fftsize=   6  logerr= -0.9
 Parte real | Parte Imaginária
   -0.5909  |    -0.0198
    1.9716  |    -0.3120
    0.5501  |    -1.2037
   -2.2856  |     0.4593
   -2.0316  |    -1.7374
    3.4932  |    -0.3621
fftsize=   7  logerr=  0.2
 Parte real | Parte Imaginária
   -1.0260  |    -0.1253
    3.8743  |    -0.8989
   -3.0283  |    -0.1419
   -0.2325  |     0.6428
   -0.7622  |     1.4366
    1.0075  |    -0.5552
    0.9590  |    -0.4308
fftsize=   8  logerr= -6.5
 Parte real | Parte Imaginária
    1.9378  |    -0.0413
    1.8666  |     0.5528
   -1.6358  |     2.0619
    0.0574  |     1.4020
    0.9821  |    -0.5028
   -0.0840  |    -1.0335
   -0.4424  |    -1.6549
   -3.7520  |     0.5155
fftsize=   9  logerr=  0.0
 Parte real | Parte Imaginária
   -2.1213  |    -1.7006
   -0.3320  |     2.4607
    4.0210  |    -0.0881
    2.2790  |     1.4954
    0.2117  |     1.7641
   -0.1290  |    -2.5268
   -0.8031  |     2.2866
   -0.7642  |     2.7709
    2.4470  |     0.9012
fftsize=  10  logerr= -0.2
 Parte real | Parte Imaginária
   -0.5904  |    -1.2889
    0.7790  |    -2.5031
    0.8338  |    -1.1054
    0.6618  |    -1.4553
   -3.0255  |     3.1967
    1.4754  |     1.4370
   -1.3091  |     1.0648
   -0.0932  |     0.6259
   -0.2389  |     3.0878
   -0.5705  |     0.5245
fftsize=  11  logerr=  0.2
 Parte real | Parte Imaginária
    0.7446  |     1.4198
   -0.9457  |     2.5599
    0.3155  |    -0.0695
    2.7418  |    -0.1710
   -3.9637  |    -0.0347
   -0.3364  |    -0.3806
   -2.7962  |    -1.3093
    0.9543  |    -0.1428
    0.9681  |     0.5187
    1.1149  |     1.0536
    0.8124  |    -1.2328
fftsize=  12  logerr=  0.0
 Parte real | Parte Imaginária
   -1.7843  |    -0.2782
   -1.1467  |    -1.6147
   -3.5331  |     2.3639
    0.9027  |     0.6034
   -2.5342  |     0.2043
    1.9761  |     1.1840
    2.0970  |     4.1771
   -0.9774  |    -0.8499
    3.2227  |     1.2351
    0.7690  |    -1.4913
   -3.1355  |    -0.1404
    0.7555  |     1.3654
fftsize=  13  logerr=  0.3
 Parte real | Parte Imaginária
    4.2047  |     0.7348
   -0.5568  |     1.5772
   -5.9583  |     0.3162
    1.1123  |    -0.2199
   -1.5230  |    -3.2444
    1.9914  |    -0.2488
   -0.6693  |    -0.8407
    3.6234  |     4.0969
    1.4743  |    -3.1009
   -1.8613  |    -1.3233
   -1.2313  |    -0.5859
    0.4681  |     1.2078
   -3.1967  |    -0.2778
fftsize=  14  logerr= -0.0
 Parte real | Parte Imaginária
   -0.1735  |     2.4462
    0.8321  |     3.5052
    2.2377  |    -1.4189
   -0.0172  |    -3.5972
    3.6778  |     0.8888
   -2.2890  |     2.5862
   -1.4123  |     1.1398
   -0.9845  |    -1.2254
   -3.6815  |     0.2339
    2.3658  |     1.6331
    1.6397  |     1.5615
   -0.9091  |     1.1949
    3.4321  |    -0.2694
   -1.4257  |    -2.2427
fftsize=  15  logerr=  0.3
 Parte real | Parte Imaginária
   -1.7083  |    -0.2083
   -1.0732  |     0.1967
    0.9802  |    -1.2544
   -1.9281  |    -1.5933
   -0.1547  |    -3.1125
    1.7300  |    -2.0918
   -0.0220  |    -3.2380
    2.8492  |    -1.0364
   -3.2371  |    -1.3936
   -0.1802  |     2.6962
    0.0427  |     1.8145
    1.0611  |    -0.6574
    0.0318  |     3.0526
   -0.5635  |    -1.9015
   -2.2207  |     3.9522
fftsize=  16  logerr= -6.2
 Parte real | Parte Imaginária
    0.1201  |     7.9972
   -3.8653  |    -0.1293
    1.6217  |    -1.4805
    3.0635  |    -0.1024
    0.4203  |    -0.9900
    1.0997  |     1.2286
    4.0589  |     1.0841
    2.2862  |    -0.0684
   -5.7451  |     0.6270
    2.2573  |     0.6367
    2.5322  |    -0.2126
    0.0534  |     1.8612
   -1.3838  |    -1.3228
   -2.7627  |     0.9012
   -0.9676  |     1.6914
   -3.3446  |    -0.5450
fftsize=  17  logerr= -0.1
 Parte real | Parte Imaginária
   -5.1445  |     6.4573
   -2.2550  |     1.9409
   -3.1139  |    -2.0169
   -1.8935  |     2.3479
    0.8432  |     1.6938
    3.1336  |    -0.5255
   -0.5456  |    -1.1001
    1.4195  |     1.5421
    0.1642  |    -3.3592
   -0.2888  |    -2.2457
   -3.1757  |    -3.2595
   -3.4771  |    -1.0968
   -1.0822  |    -0.9203
    4.0891  |     0.7650
   -0.3031  |    -2.3541
    0.4240  |    -3.1578
   -4.2004  |    -0.3367
fftsize=  18  logerr=  0.2
 Parte real | Parte Imaginária
   -0.8852  |    -1.2288
    1.3892  |     2.3785
    5.8833  |     2.8346
    3.5686  |    -2.4980
   -0.3371  |    -2.1173
   -0.8307  |    -3.9266
    0.9897  |    -5.2148
    1.2456  |    -1.3160
    1.1119  |    -2.2523
    2.2701  |     2.5365
   -0.5371  |    -1.9972
    1.7691  |     3.7875
   -5.9062  |    -0.1891
    0.6575  |    -3.1307
    2.4100  |    -2.3870
    4.0212  |     2.1606
   -7.0815  |    -4.9010
   -1.4819  |    -2.2734
fftsize=  19  logerr=  0.2
 Parte real | Parte Imaginária
   -1.3057  |     4.0378
    1.3683  |     2.0666
    4.1734  |     5.5835
   -0.5247  |     1.0472
    2.0042  |     0.4266
   -3.4396  |     0.0451
    0.7321  |     0.3760
   -0.8014  |     0.1839
   -2.4940  |     0.4626
   -2.0752  |    -0.9939
   -0.8654  |    -0.9808
    4.6178  |    -0.7949
   -5.3860  |    -0.3639
    3.5227  |     3.4000
    3.1553  |     1.9855
   -0.1395  |     2.0620
    0.8883  |    -2.2397
    1.3164  |    -0.3145
   -2.8156  |    -0.5468
fftsize=  20  logerr=-99.0
 Parte real | Parte Imaginária
   -0.9542  |    -0.9542
    1.0094  |     1.0094
    0.7651  |     0.7651
   -1.1851  |    -1.1851
   -7.3189  |    -7.3189
   -2.6339  |    -2.6339
    2.6974  |     2.6974
   -0.2760  |    -0.2760
    1.6720  |     1.6720
   -4.9412  |    -4.9412
    3.5239  |     3.5239
   -1.0558  |    -1.0558
   -2.1031  |    -2.1031
   -1.6524  |    -1.6524
    1.8303  |     1.8303
    1.0053  |     1.0053
   -1.0344  |    -1.0344
    2.0193  |     2.0193
   -1.4644  |    -1.4644
    2.9455  |     2.9455
fftsize=  21  logerr=-99.0
 Parte real | Parte Imaginária
   -2.3772  |    -2.3772
    4.7623  |     4.7623
    2.8270  |     2.8270
   -0.3508  |    -0.3508
    1.0460  |     1.0460
   -0.9850  |    -0.9850
    0.3065  |     0.3065
    0.1758  |     0.1758
   -3.7558  |    -3.7558
    1.1305  |     1.1305
    2.0538  |     2.0538
   -3.7297  |    -3.7297
   -3.3486  |    -3.3486
    0.9694  |     0.9694
   -3.2602  |    -3.2602
   -0.0748  |    -0.0748
   -1.3300  |    -1.3300
    0.2355  |     0.2355
    2.5993  |     2.5993
    3.5251  |     3.5251
    0.7503  |     0.7503
fftsize=  22  logerr=-99.0
 Parte real | Parte Imaginária
   -3.2946  |    -3.2946
    0.9998  |     0.9998
    3.8674  |     3.8674
   -3.1513  |    -3.1513
    0.0487  |     0.0487
    5.5051  |     5.5051
    0.7324  |     0.7324
    1.1827  |     1.1827
   -0.5831  |    -0.5831
    3.4780  |     3.4780
    0.5771  |     0.5771
    3.2691  |     3.2691
   -1.2460  |    -1.2460
   -0.8844  |    -0.8844
   -1.5980  |    -1.5980
    8.4760  |     8.4760
   -3.0363  |    -3.0363
    2.1891  |     2.1891
   -0.5873  |    -0.5873
    3.5940  |     3.5940
    0.0160  |     0.0160
   -4.5561  |    -4.5561
fftsize=  23  logerr=-99.0
 Parte real | Parte Imaginária
    4.3189  |     4.3189
   -2.6116  |    -2.6116
   -1.5601  |    -1.5601
   -2.2623  |    -2.2623
   -1.4220  |    -1.4220
    0.6056  |     0.6056
   -4.0685  |    -4.0685
   -3.4924  |    -3.4924
   -0.7509  |    -0.7509
   -3.2057  |    -3.2057
    2.6374  |     2.6374
    1.4914  |     1.4914
    5.8800  |     5.8800
    2.4070  |     2.4070
   -1.4858  |    -1.4858
   -4.9204  |    -4.9204
    3.7558  |     3.7558
    2.4400  |     2.4400
    1.3151  |     1.3151
   -2.7360  |    -2.7360
    1.2645  |     1.2645
   -0.7371  |    -0.7371
    0.0734  |     0.0734
fftsize=  24  logerr=  0.4
 Parte real | Parte Imaginária
    0.6754  |    -0.5096
   -3.2876  |     1.0029
   -0.1818  |    -0.7855
   -3.6844  |    -1.2614
    5.4065  |    -2.3952
   -2.9444  |    -2.7638
   -3.8150  |    -9.5573
    1.2652  |     1.4584
    0.5780  |     0.1765
   -0.1268  |     1.0316
   -4.5698  |     1.7145
    4.7342  |    -0.2817
    1.7798  |    -4.9347
   -2.7336  |     2.4346
    0.7654  |    -0.7166
    0.3943  |     2.6028
   -3.7400  |    -3.0683
   -4.4946  |    -1.4604
   -1.3611  |     2.3224
    1.2575  |    -0.5021
    0.1981  |     0.0462
   -0.0404  |    -2.9195
   -1.9127  |     4.2795
    2.2188  |     2.9294
fftsize=  25  logerr=  0.4
 Parte real | Parte Imaginária
    0.0503  |     4.5039
   -2.2160  |     6.5723
    0.9585  |     6.2588
   -0.0728  |    -3.0479
   -2.6849  |    -1.2872
    0.4058  |     0.6556
    0.8976  |    -0.0275
   -2.1913  |     1.2789
   -0.6836  |     0.2069
    1.1815  |    -0.3844
   -3.0174  |    -2.2367
    4.5450  |    -0.6904
   -1.3460  |    -4.8938
   -1.3638  |    -2.0533
   -2.4275  |     1.8446
   -6.8792  |    -0.0260
    3.4179  |     0.2107
   -0.3740  |     0.4849
    4.3914  |     3.6895
    2.8931  |     3.9134
    0.3146  |    -2.4521
   -0.5729  |    -4.9788
    2.4675  |    -1.9149
   -4.5044  |     1.2312
    4.6072  |    -5.9584
fftsize=  26  logerr=-99.0
 Parte real | Parte Imaginária
   -0.2439  |    -0.2439
    0.3401  |     0.3401
    1.1506  |     1.1506
    0.1460  |     0.1460
   -1.1616  |    -1.1616
   -4.0722  |    -4.0722
    1.2194  |     1.2194
    3.0981  |     3.0981
    3.7319  |     3.7319
    0.8767  |     0.8767
    2.5489  |     2.5489
    1.6328  |     1.6328
   -2.3076  |    -2.3076
   -4.9638  |    -4.9638
   -3.4818  |    -3.4818
   -2.7748  |    -2.7748
   -0.9333  |    -0.9333
    0.3969  |     0.3969
   -0.7528  |    -0.7528
   -0.2143  |    -0.2143
    3.9204  |     3.9204
    1.8256  |     1.8256
    4.6955  |     4.6955
   -1.3515  |    -1.3515
   -6.3190  |    -6.3190
    3.6236  |     3.6236
fftsize=  27  logerr=-99.0
 Parte real | Parte Imaginária
    3.1245  |     3.1245
   -1.4483  |    -1.4483
   -1.0168  |    -1.0168
    1.9952  |     1.9952
    2.9440  |     2.9440
   -2.4696  |    -2.4696
    1.3014  |     1.3014
    1.5342  |     1.5342
    1.7263  |     1.7263
   -3.4951  |    -3.4951
    0.9704  |     0.9704
   -0.1538  |    -0.1538
   -0.4626  |    -0.4626
    0.0635  |     0.0635
    1.4039  |     1.4039
   -0.4684  |    -0.4684
    3.4114  |     3.4114
    2.0152  |     2.0152
    3.4558  |     3.4558
    2.2948  |     2.2948
    1.0892  |     1.0892
   -5.1319  |    -5.1319
    0.8463  |     0.8463
    2.8764  |     2.8764
    3.5381  |     3.5381
   -2.0482  |    -2.0482
    5.9107  |     5.9107
fftsize=  28  logerr=-99.0
 Parte real | Parte Imaginária
    5.7282  |     5.7282
    2.1352  |     2.1352
   -5.5624  |    -5.5624
   -3.0868  |    -3.0868
   -1.3773  |    -1.3773
    5.1660  |     5.1660
    2.2422  |     2.2422
    5.7788  |     5.7788
    8.1378  |     8.1378
    2.3207  |     2.3207
  -11.7951  |   -11.7951
   -4.9697  |    -4.9697
   -3.8549  |    -3.8549
   -0.3842  |    -0.3842
    2.7518  |     2.7518
   -1.7268  |    -1.7268
   -0.3816  |    -0.3816
   -0.1545  |    -0.1545
    5.8639  |     5.8639
   -0.4546  |    -0.4546
    5.4350  |     5.4350
    2.1384  |     2.1384
   -0.7504  |    -0.7504
    0.5670  |     0.5670
    0.8657  |     0.8657
    0.6023  |     0.6023
    0.1523  |     0.1523
    1.6653  |     1.6653
